<?xml version="1.0" encoding="UTF-8"?>
<!-- Generated by org.testng.reporters.JUnitXMLReporter -->
<testsuite hostname="SANDYPC" name="AddProduct Test" tests="3" failures="0" timestamp="8 Sep 2016 10:49:52 GMT" time="0.036" errors="0">
  <testcase name="@BeforeTest checkTestSkip" time="0.0" classname="com.qtpselenium.suite.shop.AddProductTest">
    <skipped/>
  </testcase> <!-- @BeforeTest checkTestSkip -->
  <testcase name="@AfterMethod reportDataSetResult" time="0.0" classname="com.qtpselenium.suite.shop.AddProductTest">
    <skipped/>
  </testcase> <!-- @AfterMethod reportDataSetResult -->
  <testcase name="@AfterMethod reportDataSetResult" time="0.0" classname="com.qtpselenium.suite.shop.AddProductTest">
    <skipped/>
  </testcase> <!-- @AfterMethod reportDataSetResult -->
  <testcase name="@AfterMethod reportDataSetResult" time="0.0" classname="com.qtpselenium.suite.shop.AddProductTest">
    <skipped/>
  </testcase> <!-- @AfterMethod reportDataSetResult -->
  <testcase name="@AfterTest reportTestResult" time="0.0" classname="com.qtpselenium.suite.shop.AddProductTest">
    <skipped/>
  </testcase> <!-- @AfterTest reportTestResult -->
  <testcase name="addProductToBasket" time="0.001" classname="com.qtpselenium.suite.shop.AddProductTest">
    <skipped/>
  </testcase> <!-- addProductToBasket -->
  <testcase name="addProductToBasket" time="0.001" classname="com.qtpselenium.suite.shop.AddProductTest">
    <skipped/>
  </testcase> <!-- addProductToBasket -->
  <testcase name="addProductToBasket" time="0.001" classname="com.qtpselenium.suite.shop.AddProductTest">
    <skipped/>
  </testcase> <!-- addProductToBasket -->
</testsuite> <!-- AddProduct Test -->
