<?xml version="1.0" encoding="UTF-8"?>
<!-- Generated by org.testng.reporters.JUnitXMLReporter -->
<testsuite hostname="SANDYPC" name="CheckProduct Display" tests="1" failures="0" timestamp="8 Sep 2016 10:49:52 GMT" time="0.012" errors="0">
  <testcase name="@BeforeTest checkTestSkip" time="0.0" classname="com.qtpselenium.suite.shop.CheckProductDisplay">
    <skipped/>
  </testcase> <!-- @BeforeTest checkTestSkip -->
  <testcase name="@AfterMethod reportDataSetResult" time="0.0" classname="com.qtpselenium.suite.shop.CheckProductDisplay">
    <skipped/>
  </testcase> <!-- @AfterMethod reportDataSetResult -->
  <testcase name="@AfterTest reportTestResult" time="0.0" classname="com.qtpselenium.suite.shop.CheckProductDisplay">
    <skipped/>
  </testcase> <!-- @AfterTest reportTestResult -->
  <testcase name="testcaseA1" time="0.001" classname="com.qtpselenium.suite.shop.CheckProductDisplay">
    <skipped/>
  </testcase> <!-- testcaseA1 -->
</testsuite> <!-- CheckProduct Display -->
