<?xml version="1.0" encoding="UTF-8"?>
<!-- Generated by org.testng.reporters.JUnitXMLReporter -->
<testsuite hostname="SANDYPC" name="Test C1" tests="4" failures="0" timestamp="8 Sep 2016 10:49:53 GMT" time="0.011" errors="0">
  <testcase name="@BeforeTest checkTestSkip" time="0.0" classname="com.qtpselenium.suite.productdisplay.TestCase_C1">
    <skipped/>
  </testcase> <!-- @BeforeTest checkTestSkip -->
  <testcase name="testcaseC1" time="0.001" classname="com.qtpselenium.suite.productdisplay.TestCase_C1">
    <skipped/>
  </testcase> <!-- testcaseC1 -->
  <testcase name="testcaseC1" time="0.001" classname="com.qtpselenium.suite.productdisplay.TestCase_C1">
    <skipped/>
  </testcase> <!-- testcaseC1 -->
  <testcase name="testcaseC1" time="0.002" classname="com.qtpselenium.suite.productdisplay.TestCase_C1">
    <skipped/>
  </testcase> <!-- testcaseC1 -->
  <testcase name="testcaseC1" time="0.001" classname="com.qtpselenium.suite.productdisplay.TestCase_C1">
    <skipped/>
  </testcase> <!-- testcaseC1 -->
</testsuite> <!-- Test C1 -->
