<?xml version="1.0" encoding="UTF-8"?>
<!-- Generated by org.testng.reporters.JUnitXMLReporter -->
<testsuite hostname="SANDYPC" name="CheckTotal Test" tests="1" failures="0" timestamp="8 Sep 2016 10:49:53 GMT" time="0.005" errors="0">
  <testcase name="@BeforeTest checkTestSkip" time="0.0" classname="com.qtpselenium.suite.cart.CheckTotal">
    <skipped/>
  </testcase> <!-- @BeforeTest checkTestSkip -->
  <testcase name="@AfterMethod reportDataSetResult" time="0.0" classname="com.qtpselenium.suite.cart.CheckTotal">
    <skipped/>
  </testcase> <!-- @AfterMethod reportDataSetResult -->
  <testcase name="@AfterTest reportTestResult" time="0.0" classname="com.qtpselenium.suite.cart.CheckTotal">
    <skipped/>
  </testcase> <!-- @AfterTest reportTestResult -->
  <testcase name="testcaseCartTotal" time="0.0" classname="com.qtpselenium.suite.cart.CheckTotal">
    <skipped/>
  </testcase> <!-- testcaseCartTotal -->
</testsuite> <!-- CheckTotal Test -->
